info: UserController {/api/v1/user}: {"context":"RoutesResolver","timestamp":"2023-11-26T11:32:26.969Z"}
info: Mapped {/api/v1/user, GET} route {"context":"RouterExplorer","timestamp":"2023-11-26T11:32:26.973Z"}
info: Mapped {/api/v1/user, POST} route {"context":"RouterExplorer","timestamp":"2023-11-26T11:32:26.974Z"}
info: Mapped {/api/v1/user/profile, GET} route {"context":"RouterExplorer","timestamp":"2023-11-26T11:32:26.976Z"}
info: Mapped {/api/v1/user/logs, GET} route {"context":"RouterExplorer","timestamp":"2023-11-26T11:32:26.977Z"}
info: Mapped {/api/v1/user/logsByGroup, GET} route {"context":"RouterExplorer","timestamp":"2023-11-26T11:32:26.978Z"}
info: LogsController {/api/v1/logs}: {"context":"RoutesResolver","timestamp":"2023-11-26T11:32:26.979Z"}
info: Nest application successfully started {"context":"NestApplication","timestamp":"2023-11-26T11:32:26.983Z"}
info: UserController {/api/v1/user}: {"context":"RoutesResolver","timestamp":"2023-11-26T11:34:34.387Z"}
info: Mapped {/api/v1/user, GET} route {"context":"RouterExplorer","timestamp":"2023-11-26T11:34:34.392Z"}
info: Mapped {/api/v1/user, POST} route {"context":"RouterExplorer","timestamp":"2023-11-26T11:34:34.394Z"}
info: Mapped {/api/v1/user/profile, GET} route {"context":"RouterExplorer","timestamp":"2023-11-26T11:34:34.395Z"}
info: Mapped {/api/v1/user/logs, GET} route {"context":"RouterExplorer","timestamp":"2023-11-26T11:34:34.396Z"}
info: Mapped {/api/v1/user/logsByGroup, GET} route {"context":"RouterExplorer","timestamp":"2023-11-26T11:34:34.397Z"}
info: LogsController {/api/v1/logs}: {"context":"RoutesResolver","timestamp":"2023-11-26T11:34:34.398Z"}
info: Nest application successfully started {"context":"NestApplication","timestamp":"2023-11-26T11:34:34.402Z"}
info: UserController {/api/v1/user}: {"context":"RoutesResolver","timestamp":"2023-11-26T11:35:51.154Z"}
info: Mapped {/api/v1/user, GET} route {"context":"RouterExplorer","timestamp":"2023-11-26T11:35:51.158Z"}
info: Mapped {/api/v1/user, POST} route {"context":"RouterExplorer","timestamp":"2023-11-26T11:35:51.160Z"}
info: Mapped {/api/v1/user/profile, GET} route {"context":"RouterExplorer","timestamp":"2023-11-26T11:35:51.162Z"}
info: Mapped {/api/v1/user/logs, GET} route {"context":"RouterExplorer","timestamp":"2023-11-26T11:35:51.163Z"}
info: Mapped {/api/v1/user/logsByGroup, GET} route {"context":"RouterExplorer","timestamp":"2023-11-26T11:35:51.165Z"}
info: LogsController {/api/v1/logs}: {"context":"RoutesResolver","timestamp":"2023-11-26T11:35:51.165Z"}
info: Nest application successfully started {"context":"NestApplication","timestamp":"2023-11-26T11:35:51.170Z"}
info: UserController {/api/v1/user}: {"context":"RoutesResolver","timestamp":"2023-11-26T11:37:55.634Z"}
info: Mapped {/api/v1/user, GET} route {"context":"RouterExplorer","timestamp":"2023-11-26T11:37:55.639Z"}
info: Mapped {/api/v1/user, POST} route {"context":"RouterExplorer","timestamp":"2023-11-26T11:37:55.640Z"}
info: Mapped {/api/v1/user/profile, GET} route {"context":"RouterExplorer","timestamp":"2023-11-26T11:37:55.641Z"}
info: Mapped {/api/v1/user/logs, GET} route {"context":"RouterExplorer","timestamp":"2023-11-26T11:37:55.642Z"}
info: Mapped {/api/v1/user/logsByGroup, GET} route {"context":"RouterExplorer","timestamp":"2023-11-26T11:37:55.643Z"}
info: LogsController {/api/v1/logs}: {"context":"RoutesResolver","timestamp":"2023-11-26T11:37:55.644Z"}
info: Nest application successfully started {"context":"NestApplication","timestamp":"2023-11-26T11:37:55.648Z"}
info: UserController {/api/v1/user}: {"context":"RoutesResolver","timestamp":"2023-11-26T11:38:44.860Z"}
info: Mapped {/api/v1/user, GET} route {"context":"RouterExplorer","timestamp":"2023-11-26T11:38:44.864Z"}
info: Mapped {/api/v1/user, POST} route {"context":"RouterExplorer","timestamp":"2023-11-26T11:38:44.865Z"}
info: Mapped {/api/v1/user/profile, GET} route {"context":"RouterExplorer","timestamp":"2023-11-26T11:38:44.867Z"}
info: Mapped {/api/v1/user/logs, GET} route {"context":"RouterExplorer","timestamp":"2023-11-26T11:38:44.868Z"}
info: Mapped {/api/v1/user/logsByGroup, GET} route {"context":"RouterExplorer","timestamp":"2023-11-26T11:38:44.869Z"}
info: LogsController {/api/v1/logs}: {"context":"RoutesResolver","timestamp":"2023-11-26T11:38:44.870Z"}
info: Nest application successfully started {"context":"NestApplication","timestamp":"2023-11-26T11:38:44.874Z"}
